Starting VaaniBill... 
Building app... 

> build
> vite build

[36mvite v5.4.21 [32mbuilding for production...[36m[39m
transforming...
[32m✓[39m 407 modules transformed.
rendering chunks...
computing gzip size...
[2mdist/[22m[32mindex.html                    [39m[1m[2m  0.41 kB[22m[1m[22m[2m │ gzip:   0.27 kB[22m
[2mdist/[22m[35massets/index-9FTNqETr.css     [39m[1m[2m  5.17 kB[22m[1m[22m[2m │ gzip:   1.76 kB[22m
[2mdist/[22m[36massets/purify.es-C_uT9hQ1.js  [39m[1m[2m 21.98 kB[22m[1m[22m[2m │ gzip:   8.74 kB[22m
[2mdist/[22m[36massets/index.es-DiEh3DxX.js   [39m[1m[2m150.47 kB[22m[1m[22m[2m │ gzip:  51.44 kB[22m
[2mdist/[22m[36massets/index-CJovZqyy.js      [39m[1m[33m760.58 kB[39m[22m[2m │ gzip: 229.80 kB[22m
[33m
(!) Some chunks are larger than 500 kB after minification. Consider:
- Using dynamic import() to code-split the application
- Use build.rollupOptions.output.manualChunks to improve chunking: https://rollupjs.org/configuration-options/#output-manualchunks
- Adjust chunk size limit for this warning via build.chunkSizeWarningLimit.[39m
[32m✓ built in 5.89s[39m
Build completed. 
Starting server... 
VaaniBill server running on http://localhost:5174
^C